<?xml version="1.0" encoding="UTF-8"?>
<testsuite name="DecipherTest" tests="3" skipped="0" failures="0" errors="0" timestamp="2020-01-26T10:47:16" hostname="Lenny" time="0.006">
  <properties/>
  <testcase name="theKey_shouldBeTheKey_keyEntered" classname="DecipherTest" time="0.003"/>
  <testcase name="textDecryption_decryptTextBy2_decryptedText" classname="DecipherTest" time="0.001"/>
  <testcase name="theText_shouldBeTheText_textEntered" classname="DecipherTest" time="0.0"/>
  <system-out><![CDATA[]]></system-out>
  <system-err><![CDATA[]]></system-err>
</testsuite>
