<?xml version="1.0" encoding="UTF-8"?>
<testsuite name="CipherTest" tests="2" skipped="0" failures="0" errors="0" timestamp="2020-01-25T18:36:30" hostname="Lenny" time="0.003">
  <properties/>
  <testcase name="theText_shouldBeTheText_hello" classname="CipherTest" time="0.002"/>
  <testcase name="theKey_shouldBeTheKey_2" classname="CipherTest" time="0.0"/>
  <system-out><![CDATA[]]></system-out>
  <system-err><![CDATA[]]></system-err>
</testsuite>
